<!DOCTYPE html PUBLIC "-//W3C//DTD XHTML 1.1//EN" "http://www.w3.org/TR/xhtml11/DTD/xhtml11.dtd">
<html xmlns="http://www.w3.org/1999/xhtml"><head><title>TestNG Report</title><style type="text/css">table {margin-bottom:10px;border-collapse:collapse;empty-cells:show}th,td {border:1px solid #009;padding:.25em .5em}th {vertical-align:bottom}td {vertical-align:top}table a {font-weight:bold}.stripe td {background-color: #E6EBF9}.num {text-align:right}.passedodd td {background-color: #3F3}.passedeven td {background-color: #0A0}.skippedodd td {background-color: #DDD}.skippedeven td {background-color: #CCC}.failedodd td,.attn {background-color: #F33}.failedeven td,.stripe .attn {background-color: #D00}.stacktrace {white-space:pre;font-family:monospace}.totop {font-size:85%;text-align:center;border-bottom:2px solid #000}</style></head><body><table><tr><th>Test</th><th># Passed</th><th># Skipped</th><th># Failed</th><th>Time (ms)</th><th>Included Groups</th><th>Excluded Groups</th></tr><tr><th colspan="7">Zoopla Suite</th></tr><tr><td><a href="#t0">Zoopla Tests</a></td><td class="num">4</td><td class="num">0</td><td class="num attn">3</td><td class="num">150,732</td><td></td><td></td></tr></table><table><thead><tr><th>Class</th><th>Method</th><th>Start</th><th>Time (ms)</th></tr></thead><tbody><tr><th colspan="4">Zoopla Suite</th></tr></tbody><tbody id="t0"><tr><th colspan="4">Zoopla Tests &#8212; failed</th></tr><tr class="failedeven"><td rowspan="1">com.zoopla.qa.TestCases.HomePageTest</td><td><a href="#m0">verifyHomePageTitle</a></td><td rowspan="1">1565208228827</td><td rowspan="1">35</td></tr><tr class="failedodd"><td rowspan="2">com.zoopla.qa.TestCases.SalesPageTest</td><td><a href="#m1">clickOnPositionValue</a></td><td rowspan="1">1565208363823</td><td rowspan="1">913</td></tr><tr class="failedodd"><td><a href="#m2">verifySalesPageTitle</a></td><td rowspan="1">1565208302538</td><td rowspan="1">9</td></tr><tr><th colspan="4">Zoopla Tests &#8212; passed</th></tr><tr class="passedeven"><td rowspan="2">com.zoopla.qa.TestCases.HomePageTest</td><td><a href="#m3">enterCityNameToSearchBox</a></td><td rowspan="1">1565208251912</td><td rowspan="1">27556</td></tr><tr class="passedeven"><td><a href="#m4">verityZooplaLogo</a></td><td rowspan="1">1565208241158</td><td rowspan="1">63</td></tr><tr class="passedodd"><td rowspan="2">com.zoopla.qa.TestCases.SalesPageTest</td><td><a href="#m5">printListValues</a></td><td rowspan="1">1565208344829</td><td rowspan="1">995</td></tr><tr class="passedodd"><td><a href="#m6">verityZooplaLogo</a></td><td rowspan="1">1565208325450</td><td rowspan="1">52</td></tr></tbody></table><h2>Zoopla Tests</h2><h3 id="m0">com.zoopla.qa.TestCases.HomePageTest#verifyHomePageTitle</h3><table class="result"><tr class="param"><th>Parameter #1</th></tr><tr class="param stripe"><td>public void com.zoopla.qa.TestCases.HomePageTest.verifyHomePageTitle(java.lang.reflect.Method)</td></tr><tr><th>Exception</th></tr><tr><td><div class="stacktrace">java.lang.AssertionError: expected [Zoopla &gt; Search Property to Buy, Rent, House Prices, Estate Agents11] but found [Zoopla &gt; Search Property to Buy, Rent, House Prices, Estate Agents]
	at com.zoopla.qa.TestCases.HomePageTest.verifyHomePageTitle(HomePageTest.java:38)
... Removed 31 stack frames</div></td></tr></table><p class="totop"><a href="#summary">back to summary</a></p><h3 id="m1">com.zoopla.qa.TestCases.SalesPageTest#clickOnPositionValue</h3><table class="result"><tr class="param"><th>Parameter #1</th></tr><tr class="param stripe"><td>public void com.zoopla.qa.TestCases.SalesPageTest.clickOnPositionValue(java.lang.reflect.Method)</td></tr><tr><th>Exception</th></tr><tr><td><div class="stacktrace">org.openqa.selenium.WebDriverException: unknown error: Element &lt;a href=&quot;/for-sale/details/52339340?search_identifier=6323219902a84fc51cd97861178ef6ce&quot; class=&quot;listing-results-price text-price&quot;&gt;...&lt;/a&gt; is not clickable at point (513, 436). Other element would receive the click: &lt;h3 class=&quot;listing-results-attr&quot;&gt;...&lt;/h3&gt;
  (Session info: chrome=75.0.3770.142)
  (Driver info: chromedriver=2.40.565498 (ea082db3280dd6843ebfb08a625e3eb905c4f5ab),platform=Windows NT 6.1.7601 SP1 x86_64) (WARNING: The server did not provide any stacktrace information)
Command duration or timeout: 0 milliseconds
Build info: version: &apos;3.14.0&apos;, revision: &apos;aacccce0&apos;, time: &apos;2018-08-02T20:19:58.91Z&apos;
System info: host: &apos;ADMIN-PC&apos;, ip: &apos;172.20.10.3&apos;, os.name: &apos;Windows 7&apos;, os.arch: &apos;amd64&apos;, os.version: &apos;6.1&apos;, java.version: &apos;1.8.0_211&apos;
Driver info: org.openqa.selenium.chrome.ChromeDriver
Capabilities {acceptInsecureCerts: false, acceptSslCerts: false, applicationCacheEnabled: false, browserConnectionEnabled: false, browserName: chrome, chrome: {chromedriverVersion: 2.40.565498 (ea082db3280dd6..., userDataDir: C:\Users\Admin\AppData\Loca...}, cssSelectorsEnabled: true, databaseEnabled: false, handlesAlerts: true, hasTouchScreen: false, javascriptEnabled: true, locationContextEnabled: true, mobileEmulationEnabled: false, nativeEvents: true, networkConnectionEnabled: false, pageLoadStrategy: normal, platform: XP, platformName: XP, rotatable: false, setWindowRect: true, takesHeapSnapshot: true, takesScreenshot: true, unexpectedAlertBehaviour: , unhandledPromptBehavior: , version: 75.0.3770.142, webStorageEnabled: true}
Session ID: c607f510e505ab9309f457bedae22e1d
	at org.openqa.selenium.remote.ErrorHandler.createThrowable(ErrorHandler.java:214)
	at org.openqa.selenium.remote.ErrorHandler.throwIfResponseFailed(ErrorHandler.java:166)
	at org.openqa.selenium.remote.http.JsonHttpResponseCodec.reconstructValue(JsonHttpResponseCodec.java:40)
	at org.openqa.selenium.remote.http.AbstractHttpResponseCodec.decode(AbstractHttpResponseCodec.java:80)
	at org.openqa.selenium.remote.http.AbstractHttpResponseCodec.decode(AbstractHttpResponseCodec.java:44)
	at org.openqa.selenium.remote.HttpCommandExecutor.execute(HttpCommandExecutor.java:158)
	at org.openqa.selenium.remote.service.DriverCommandExecutor.execute(DriverCommandExecutor.java:83)
	at org.openqa.selenium.remote.RemoteWebDriver.execute(RemoteWebDriver.java:548)
	at org.openqa.selenium.remote.RemoteWebElement.execute(RemoteWebElement.java:276)
	at org.openqa.selenium.remote.RemoteWebElement.click(RemoteWebElement.java:83)
	at org.openqa.selenium.support.events.EventFiringWebDriver$EventFiringWebElement.lambda$new$0(EventFiringWebDriver.java:403)
	at com.sun.proxy.$Proxy15.click(Unknown Source)
	at org.openqa.selenium.support.events.EventFiringWebDriver$EventFiringWebElement.click(EventFiringWebDriver.java:416)
	at com.zoopla.qa.Pages.SalesPage.getPropertyByPosition(SalesPage.java:59)
	at com.zoopla.qa.TestCases.SalesPageTest.clickOnPositionValue(SalesPageTest.java:65)
... Removed 33 stack frames</div></td></tr></table><p class="totop"><a href="#summary">back to summary</a></p><h3 id="m2">com.zoopla.qa.TestCases.SalesPageTest#verifySalesPageTitle</h3><table class="result"><tr class="param"><th>Parameter #1</th></tr><tr class="param stripe"><td>public void com.zoopla.qa.TestCases.SalesPageTest.verifySalesPageTitle(java.lang.reflect.Method)</td></tr><tr><th>Exception</th></tr><tr><td><div class="stacktrace">java.lang.AssertionError: expected [Property for Sale in London - Buy Properties in London - Zoopla11] but found [Property for Sale in London - Buy Properties in London - Zoopla]
	at com.zoopla.qa.TestCases.SalesPageTest.verifySalesPageTitle(SalesPageTest.java:40)
... Removed 31 stack frames</div></td></tr></table><p class="totop"><a href="#summary">back to summary</a></p><h3 id="m3">com.zoopla.qa.TestCases.HomePageTest#enterCityNameToSearchBox</h3><table class="result"><tr class="param"><th>Parameter #1</th></tr><tr class="param stripe"><td>public void com.zoopla.qa.TestCases.HomePageTest.enterCityNameToSearchBox(java.lang.reflect.Method)</td></tr></table><p class="totop"><a href="#summary">back to summary</a></p><h3 id="m4">com.zoopla.qa.TestCases.HomePageTest#verityZooplaLogo</h3><table class="result"><tr class="param"><th>Parameter #1</th></tr><tr class="param stripe"><td>public void com.zoopla.qa.TestCases.HomePageTest.verityZooplaLogo(java.lang.reflect.Method)</td></tr></table><p class="totop"><a href="#summary">back to summary</a></p><h3 id="m5">com.zoopla.qa.TestCases.SalesPageTest#printListValues</h3><table class="result"><tr class="param"><th>Parameter #1</th></tr><tr class="param stripe"><td>public void com.zoopla.qa.TestCases.SalesPageTest.printListValues(java.lang.reflect.Method)</td></tr></table><p class="totop"><a href="#summary">back to summary</a></p><h3 id="m6">com.zoopla.qa.TestCases.SalesPageTest#verityZooplaLogo</h3><table class="result"><tr class="param"><th>Parameter #1</th></tr><tr class="param stripe"><td>public void com.zoopla.qa.TestCases.SalesPageTest.verityZooplaLogo(java.lang.reflect.Method)</td></tr></table><p class="totop"><a href="#summary">back to summary</a></p></body></html>